-------------------------------------------------------------------------------
Test set: eu.ensup.springbootweb2.Springbootweb2ApplicationTests
-------------------------------------------------------------------------------
Tests run: 1, Failures: 0, Errors: 1, Skipped: 0, Time elapsed: 0.502 s <<< FAILURE! - in eu.ensup.springbootweb2.Springbootweb2ApplicationTests
eu.ensup.springbootweb2.Springbootweb2ApplicationTests  Time elapsed: 0.501 s  <<< ERROR!
java.lang.IllegalStateException: Unable to find a @SpringBootConfiguration, you need to use @ContextConfiguration or @SpringBootTest(classes=...) with your test

