<?xml version="1.0" encoding="UTF-8"?>
<testsuite xmlns:xsi="http://www.w3.org/2001/XMLSchema-instance" xsi:noNamespaceSchemaLocation="https://maven.apache.org/surefire/maven-surefire-plugin/xsd/surefire-test-report.xsd" name="eu.ensup.springbootweb2.Springbootweb2ApplicationTests" time="0.502" tests="1" errors="1" skipped="0" failures="0">
  <properties>
[...]
</properties>
  <testcase name="eu.ensup.springbootweb2.Springbootweb2ApplicationTests" classname="eu.ensup.springbootweb2.Springbootweb2ApplicationTests" time="0.501">
    <error message="Unable to find a @SpringBootConfiguration, you need to use @ContextConfiguration or @SpringBootTest(classes=...) with your test" type="java.lang.IllegalStateException">java.lang.IllegalStateException: Unable to find a @SpringBootConfiguration, you need to use @ContextConfiguration or @SpringBootTest(classes=...) with your test
</error>
    <system-out><![CDATA[11:33:37.493 [main] DEBUG org.springframework.test.context.BootstrapUtils - Instantiating CacheAwareContextLoaderDelegate from class [org.springframework.test.context.cache.DefaultCacheAwareContextLoaderDelegate]
11:33:37.505 [main] DEBUG org.springframework.test.context.BootstrapUtils - Instantiating BootstrapContext using constructor [public org.springframework.test.context.support.DefaultBootstrapContext(java.lang.Class,org.springframework.test.context.CacheAwareContextLoaderDelegate)]
11:33:37.542 [main] DEBUG org.springframework.test.context.BootstrapUtils - Instantiating TestContextBootstrapper for test class [eu.ensup.springbootweb2.Springbootweb2ApplicationTests] from class [org.springframework.boot.test.context.SpringBootTestContextBootstrapper]
11:33:37.559 [main] INFO org.springframework.boot.test.context.SpringBootTestContextBootstrapper - Neither @ContextConfiguration nor @ContextHierarchy found for test class [eu.ensup.springbootweb2.Springbootweb2ApplicationTests], using SpringBootContextLoader
11:33:37.563 [main] DEBUG org.springframework.test.context.support.AbstractContextLoader - Did not detect default resource location for test class [eu.ensup.springbootweb2.Springbootweb2ApplicationTests]: class path resource [eu/ensup/springbootweb2/Springbootweb2ApplicationTests-context.xml] does not exist
11:33:37.563 [main] DEBUG org.springframework.test.context.support.AbstractContextLoader - Did not detect default resource location for test class [eu.ensup.springbootweb2.Springbootweb2ApplicationTests]: class path resource [eu/ensup/springbootweb2/Springbootweb2ApplicationTestsContext.groovy] does not exist
11:33:37.563 [main] INFO org.springframework.test.context.support.AbstractContextLoader - Could not detect default resource locations for test class [eu.ensup.springbootweb2.Springbootweb2ApplicationTests]: no resource found for suffixes {-context.xml, Context.groovy}.
11:33:37.564 [main] INFO org.springframework.test.context.support.AnnotationConfigContextLoaderUtils - Could not detect default configuration classes for test class [eu.ensup.springbootweb2.Springbootweb2ApplicationTests]: Springbootweb2ApplicationTests does not declare any static, non-private, non-final, nested classes annotated with @Configuration.
11:33:37.614 [main] DEBUG org.springframework.test.context.support.ActiveProfilesUtils - Could not find an 'annotation declaring class' for annotation type [org.springframework.test.context.ActiveProfiles] and class [eu.ensup.springbootweb2.Springbootweb2ApplicationTests]
11:33:37.668 [main] DEBUG org.springframework.test.context.BootstrapUtils - Instantiating CacheAwareContextLoaderDelegate from class [org.springframework.test.context.cache.DefaultCacheAwareContextLoaderDelegate]
11:33:37.669 [main] DEBUG org.springframework.test.context.BootstrapUtils - Instantiating BootstrapContext using constructor [public org.springframework.test.context.support.DefaultBootstrapContext(java.lang.Class,org.springframework.test.context.CacheAwareContextLoaderDelegate)]
11:33:37.669 [main] DEBUG org.springframework.test.context.BootstrapUtils - Instantiating TestContextBootstrapper for test class [eu.ensup.springbootweb2.Springbootweb2ApplicationTests] from class [org.springframework.boot.test.context.SpringBootTestContextBootstrapper]
11:33:37.670 [main] INFO org.springframework.boot.test.context.SpringBootTestContextBootstrapper - Neither @ContextConfiguration nor @ContextHierarchy found for test class [eu.ensup.springbootweb2.Springbootweb2ApplicationTests], using SpringBootContextLoader
11:33:37.670 [main] DEBUG org.springframework.test.context.support.AbstractContextLoader - Did not detect default resource location for test class [eu.ensup.springbootweb2.Springbootweb2ApplicationTests]: class path resource [eu/ensup/springbootweb2/Springbootweb2ApplicationTests-context.xml] does not exist
11:33:37.671 [main] DEBUG org.springframework.test.context.support.AbstractContextLoader - Did not detect default resource location for test class [eu.ensup.springbootweb2.Springbootweb2ApplicationTests]: class path resource [eu/ensup/springbootweb2/Springbootweb2ApplicationTestsContext.groovy] does not exist
11:33:37.671 [main] INFO org.springframework.test.context.support.AbstractContextLoader - Could not detect default resource locations for test class [eu.ensup.springbootweb2.Springbootweb2ApplicationTests]: no resource found for suffixes {-context.xml, Context.groovy}.
11:33:37.671 [main] INFO org.springframework.test.context.support.AnnotationConfigContextLoaderUtils - Could not detect default configuration classes for test class [eu.ensup.springbootweb2.Springbootweb2ApplicationTests]: Springbootweb2ApplicationTests does not declare any static, non-private, non-final, nested classes annotated with @Configuration.
11:33:37.673 [main] DEBUG org.springframework.test.context.support.ActiveProfilesUtils - Could not find an 'annotation declaring class' for annotation type [org.springframework.test.context.ActiveProfiles] and class [eu.ensup.springbootweb2.Springbootweb2ApplicationTests]
11:33:37.678 [main] DEBUG org.springframework.test.context.BootstrapUtils - Instantiating CacheAwareContextLoaderDelegate from class [org.springframework.test.context.cache.DefaultCacheAwareContextLoaderDelegate]
11:33:37.678 [main] DEBUG org.springframework.test.context.BootstrapUtils - Instantiating BootstrapContext using constructor [public org.springframework.test.context.support.DefaultBootstrapContext(java.lang.Class,org.springframework.test.context.CacheAwareContextLoaderDelegate)]
11:33:37.679 [main] DEBUG org.springframework.test.context.BootstrapUtils - Instantiating TestContextBootstrapper for test class [eu.ensup.springbootweb2.Springbootweb2ApplicationTests] from class [org.springframework.boot.test.context.SpringBootTestContextBootstrapper]
11:33:37.680 [main] INFO org.springframework.boot.test.context.SpringBootTestContextBootstrapper - Neither @ContextConfiguration nor @ContextHierarchy found for test class [eu.ensup.springbootweb2.Springbootweb2ApplicationTests], using SpringBootContextLoader
11:33:37.680 [main] DEBUG org.springframework.test.context.support.AbstractContextLoader - Did not detect default resource location for test class [eu.ensup.springbootweb2.Springbootweb2ApplicationTests]: class path resource [eu/ensup/springbootweb2/Springbootweb2ApplicationTests-context.xml] does not exist
11:33:37.681 [main] DEBUG org.springframework.test.context.support.AbstractContextLoader - Did not detect default resource location for test class [eu.ensup.springbootweb2.Springbootweb2ApplicationTests]: class path resource [eu/ensup/springbootweb2/Springbootweb2ApplicationTestsContext.groovy] does not exist
11:33:37.681 [main] INFO org.springframework.test.context.support.AbstractContextLoader - Could not detect default resource locations for test class [eu.ensup.springbootweb2.Springbootweb2ApplicationTests]: no resource found for suffixes {-context.xml, Context.groovy}.
11:33:37.681 [main] INFO org.springframework.test.context.support.AnnotationConfigContextLoaderUtils - Could not detect default configuration classes for test class [eu.ensup.springbootweb2.Springbootweb2ApplicationTests]: Springbootweb2ApplicationTests does not declare any static, non-private, non-final, nested classes annotated with @Configuration.
11:33:37.683 [main] DEBUG org.springframework.test.context.support.ActiveProfilesUtils - Could not find an 'annotation declaring class' for annotation type [org.springframework.test.context.ActiveProfiles] and class [eu.ensup.springbootweb2.Springbootweb2ApplicationTests]
]]></system-out>
  </testcase>
</testsuite>